2014-10-16 09:20:44.297 VideoPoker[62641:916922] DiskCookieStorage changing policy from 2 to 0, cookie file: file:///Users/taylor/Library/Developer/CoreSimulator/Devices/12FE4B2F-B3FB-406D-8624-4EB5B6E79D4F/data/Containers/Data/Application/AAE68072-D48C-4BF3-81B8-93CC246D502D/Library/Cookies/Cookies.binarycookies
2014-10-16 09:20:44.376 VideoPoker[62641:916922] Apache Cordova native platform version 3.6.3 is starting.
2014-10-16 09:20:44.376 VideoPoker[62641:916922] Multi-tasking -> Device: YES, App: YES
2014-10-16 09:20:44.401 VideoPoker[62641:916922] Unlimited access to network resources
2014-10-16 09:20:44.410 VideoPoker[62641:916922] 

Started backup to iCloud! Please be careful.
Your application might be rejected by Apple if you store too much data.
For more information please read "iOS Data Storage Guidelines" at:
https://developer.apple.com/icloud/documentation/data-storage/

2014-10-16 09:20:45.321 VideoPoker[62641:916922] Resetting plugins due to page load.
2014-10-16 09:20:45.704 VideoPoker[62641:916922] Finished load of: file:///Users/taylor/Library/Developer/CoreSimulator/Devices/12FE4B2F-B3FB-406D-8624-4EB5B6E79D4F/data/Containers/Bundle/Application/CA0E3FFB-4C0F-4C6B-8694-3EBC71B0B33F/VideoPoker.app/www/index.html
2014-10-16 09:20:56.185 VideoPoker[62731:917267] DiskCookieStorage changing policy from 2 to 0, cookie file: file:///Users/taylor/Library/Developer/CoreSimulator/Devices/12FE4B2F-B3FB-406D-8624-4EB5B6E79D4F/data/Containers/Data/Application/F87CB97B-8A18-4CBB-A099-D6C622A2D1EB/Library/Cookies/Cookies.binarycookies
2014-10-16 09:20:56.271 VideoPoker[62731:917267] Apache Cordova native platform version 3.6.3 is starting.
2014-10-16 09:20:56.272 VideoPoker[62731:917267] Multi-tasking -> Device: YES, App: YES
2014-10-16 09:20:56.279 VideoPoker[62731:917267] Unlimited access to network resources
2014-10-16 09:20:56.282 VideoPoker[62731:917267] 

Started backup to iCloud! Please be careful.
Your application might be rejected by Apple if you store too much data.
For more information please read "iOS Data Storage Guidelines" at:
https://developer.apple.com/icloud/documentation/data-storage/

2014-10-16 09:20:56.450 VideoPoker[62731:917267] Resetting plugins due to page load.
2014-10-16 09:20:56.537 VideoPoker[62731:917267] Finished load of: file:///Users/taylor/Library/Developer/CoreSimulator/Devices/12FE4B2F-B3FB-406D-8624-4EB5B6E79D4F/data/Containers/Bundle/Application/8B15FC43-4AE0-4C22-8B37-70F54CD48915/VideoPoker.app/www/index.html
2014-10-16 09:23:05.810 VideoPoker[64626:924431] DiskCookieStorage changing policy from 2 to 0, cookie file: file:///Users/taylor/Library/Developer/CoreSimulator/Devices/12FE4B2F-B3FB-406D-8624-4EB5B6E79D4F/data/Containers/Data/Application/9B11B4EE-5025-459F-96B5-61AB60228203/Library/Cookies/Cookies.binarycookies
2014-10-16 09:23:05.945 VideoPoker[64626:924431] Apache Cordova native platform version 3.6.3 is starting.
2014-10-16 09:23:05.946 VideoPoker[64626:924431] Multi-tasking -> Device: YES, App: YES
2014-10-16 09:23:05.956 VideoPoker[64626:924431] Unlimited access to network resources
2014-10-16 09:23:05.959 VideoPoker[64626:924431] 

Started backup to iCloud! Please be careful.
Your application might be rejected by Apple if you store too much data.
For more information please read "iOS Data Storage Guidelines" at:
https://developer.apple.com/icloud/documentation/data-storage/

2014-10-16 09:23:06.163 VideoPoker[64626:924431] Resetting plugins due to page load.
2014-10-16 09:23:06.262 VideoPoker[64626:924431] Finished load of: file:///Users/taylor/Library/Developer/CoreSimulator/Devices/12FE4B2F-B3FB-406D-8624-4EB5B6E79D4F/data/Containers/Bundle/Application/305F4539-BCF7-4736-B837-CB5359B0C77A/VideoPoker.app/www/index.html
2014-10-16 09:26:25.227 VideoPoker[65118:936799] DiskCookieStorage changing policy from 2 to 0, cookie file: file:///Users/taylor/Library/Developer/CoreSimulator/Devices/12FE4B2F-B3FB-406D-8624-4EB5B6E79D4F/data/Containers/Data/Application/39298652-CC4C-4C9B-A1F2-0A7DE2229CA1/Library/Cookies/Cookies.binarycookies
2014-10-16 09:26:25.319 VideoPoker[65118:936799] Apache Cordova native platform version 3.6.3 is starting.
2014-10-16 09:26:25.320 VideoPoker[65118:936799] Multi-tasking -> Device: YES, App: YES
2014-10-16 09:26:25.327 VideoPoker[65118:936799] Unlimited access to network resources
2014-10-16 09:26:25.330 VideoPoker[65118:936799] 

Started backup to iCloud! Please be careful.
Your application might be rejected by Apple if you store too much data.
For more information please read "iOS Data Storage Guidelines" at:
https://developer.apple.com/icloud/documentation/data-storage/

2014-10-16 09:26:25.496 VideoPoker[65118:936799] Resetting plugins due to page load.
2014-10-16 09:26:25.587 VideoPoker[65118:936799] Finished load of: file:///Users/taylor/Library/Developer/CoreSimulator/Devices/12FE4B2F-B3FB-406D-8624-4EB5B6E79D4F/data/Containers/Bundle/Application/018C2220-1267-4048-B6A6-E36F45D85C3A/VideoPoker.app/www/index.html
2014-10-16 09:27:12.013 VideoPoker[65262:938547] DiskCookieStorage changing policy from 2 to 0, cookie file: file:///Users/taylor/Library/Developer/CoreSimulator/Devices/12FE4B2F-B3FB-406D-8624-4EB5B6E79D4F/data/Containers/Data/Application/6DCAA8C2-944D-49EF-BA85-43BE6025BF0D/Library/Cookies/Cookies.binarycookies
2014-10-16 09:27:12.120 VideoPoker[65262:938547] Apache Cordova native platform version 3.6.3 is starting.
2014-10-16 09:27:12.121 VideoPoker[65262:938547] Multi-tasking -> Device: YES, App: YES
2014-10-16 09:27:12.127 VideoPoker[65262:938547] Unlimited access to network resources
2014-10-16 09:27:12.130 VideoPoker[65262:938547] 

Started backup to iCloud! Please be careful.
Your application might be rejected by Apple if you store too much data.
For more information please read "iOS Data Storage Guidelines" at:
https://developer.apple.com/icloud/documentation/data-storage/

2014-10-16 09:27:12.291 VideoPoker[65262:938547] Resetting plugins due to page load.
2014-10-16 09:27:12.382 VideoPoker[65262:938547] Finished load of: file:///Users/taylor/Library/Developer/CoreSimulator/Devices/12FE4B2F-B3FB-406D-8624-4EB5B6E79D4F/data/Containers/Bundle/Application/FB2B1144-DF8A-4B7F-B5DD-BBDE157268C4/VideoPoker.app/www/index.html
2014-10-16 09:29:48.824 VideoPoker[65441:950405] DiskCookieStorage changing policy from 2 to 0, cookie file: file:///Users/taylor/Library/Developer/CoreSimulator/Devices/12FE4B2F-B3FB-406D-8624-4EB5B6E79D4F/data/Containers/Data/Application/E64A92F6-AB35-4ABA-B189-D698F6992149/Library/Cookies/Cookies.binarycookies
2014-10-16 09:29:48.913 VideoPoker[65441:950405] Apache Cordova native platform version 3.6.3 is starting.
2014-10-16 09:29:48.914 VideoPoker[65441:950405] Multi-tasking -> Device: YES, App: YES
2014-10-16 09:29:48.922 VideoPoker[65441:950405] Unlimited access to network resources
2014-10-16 09:29:48.925 VideoPoker[65441:950405] 

Started backup to iCloud! Please be careful.
Your application might be rejected by Apple if you store too much data.
For more information please read "iOS Data Storage Guidelines" at:
https://developer.apple.com/icloud/documentation/data-storage/

2014-10-16 09:29:49.145 VideoPoker[65441:950405] Resetting plugins due to page load.
2014-10-16 09:29:49.243 VideoPoker[65441:950405] Finished load of: file:///Users/taylor/Library/Developer/CoreSimulator/Devices/12FE4B2F-B3FB-406D-8624-4EB5B6E79D4F/data/Containers/Bundle/Application/9DF4DFC1-0769-4DB4-8F25-20A674E44A15/VideoPoker.app/www/index.html
2014-10-16 09:31:47.699 VideoPoker[65570:956127] DiskCookieStorage changing policy from 2 to 0, cookie file: file:///Users/taylor/Library/Developer/CoreSimulator/Devices/12FE4B2F-B3FB-406D-8624-4EB5B6E79D4F/data/Containers/Data/Application/31F97B1A-B72D-4D8E-A123-49A4551DD4CB/Library/Cookies/Cookies.binarycookies
2014-10-16 09:31:47.774 VideoPoker[65570:956127] Apache Cordova native platform version 3.6.3 is starting.
2014-10-16 09:31:47.774 VideoPoker[65570:956127] Multi-tasking -> Device: YES, App: YES
2014-10-16 09:31:47.783 VideoPoker[65570:956127] Unlimited access to network resources
2014-10-16 09:31:47.786 VideoPoker[65570:956127] 

Started backup to iCloud! Please be careful.
Your application might be rejected by Apple if you store too much data.
For more information please read "iOS Data Storage Guidelines" at:
https://developer.apple.com/icloud/documentation/data-storage/

2014-10-16 09:31:47.995 VideoPoker[65570:956127] Resetting plugins due to page load.
2014-10-16 09:31:48.097 VideoPoker[65570:956127] Finished load of: file:///Users/taylor/Library/Developer/CoreSimulator/Devices/12FE4B2F-B3FB-406D-8624-4EB5B6E79D4F/data/Containers/Bundle/Application/1B19CBE2-6565-49C0-B7E9-F3FF53251BD2/VideoPoker.app/www/index.html
2014-10-16 09:41:16.430 VideoPoker[68400:995627] DiskCookieStorage changing policy from 2 to 0, cookie file: file:///Users/taylor/Library/Developer/CoreSimulator/Devices/12FE4B2F-B3FB-406D-8624-4EB5B6E79D4F/data/Containers/Data/Application/18DADAC5-3FF0-4A8E-A7AE-040EC7547E4C/Library/Cookies/Cookies.binarycookies
2014-10-16 09:41:16.504 VideoPoker[68400:995627] Apache Cordova native platform version 3.6.3 is starting.
2014-10-16 09:41:16.505 VideoPoker[68400:995627] Multi-tasking -> Device: YES, App: YES
2014-10-16 09:41:16.515 VideoPoker[68400:995627] Unlimited access to network resources
2014-10-16 09:41:16.527 VideoPoker[68400:995627] 

Started backup to iCloud! Please be careful.
Your application might be rejected by Apple if you store too much data.
For more information please read "iOS Data Storage Guidelines" at:
https://developer.apple.com/icloud/documentation/data-storage/

2014-10-16 09:41:16.782 VideoPoker[68400:995627] Resetting plugins due to page load.
2014-10-16 09:41:16.923 VideoPoker[68400:995627] Finished load of: file:///Users/taylor/Library/Developer/CoreSimulator/Devices/12FE4B2F-B3FB-406D-8624-4EB5B6E79D4F/data/Containers/Bundle/Application/9C4A5D29-C6E1-4F45-9AD0-4BCAFE80AD86/VideoPoker.app/www/index.html
2014-10-16 09:43:22.636 VideoPoker[68588:1005325] DiskCookieStorage changing policy from 2 to 0, cookie file: file:///Users/taylor/Library/Developer/CoreSimulator/Devices/12FE4B2F-B3FB-406D-8624-4EB5B6E79D4F/data/Containers/Data/Application/5D5E3C33-559B-4AAE-9F96-3A43693990CF/Library/Cookies/Cookies.binarycookies
2014-10-16 09:43:22.730 VideoPoker[68588:1005325] Apache Cordova native platform version 3.6.3 is starting.
2014-10-16 09:43:22.730 VideoPoker[68588:1005325] Multi-tasking -> Device: YES, App: YES
2014-10-16 09:43:22.739 VideoPoker[68588:1005325] Unlimited access to network resources
2014-10-16 09:43:22.742 VideoPoker[68588:1005325] 

Started backup to iCloud! Please be careful.
Your application might be rejected by Apple if you store too much data.
For more information please read "iOS Data Storage Guidelines" at:
https://developer.apple.com/icloud/documentation/data-storage/

2014-10-16 09:43:22.921 VideoPoker[68588:1005325] Resetting plugins due to page load.
2014-10-16 09:43:23.027 VideoPoker[68588:1005325] Finished load of: file:///Users/taylor/Library/Developer/CoreSimulator/Devices/12FE4B2F-B3FB-406D-8624-4EB5B6E79D4F/data/Containers/Bundle/Application/7E4096A9-2462-4793-A880-B72C93BE4284/VideoPoker.app/www/index.html
2014-10-16 09:47:23.500 VideoPoker[68834:1018264] DiskCookieStorage changing policy from 2 to 0, cookie file: file:///Users/taylor/Library/Developer/CoreSimulator/Devices/12FE4B2F-B3FB-406D-8624-4EB5B6E79D4F/data/Containers/Data/Application/5C066A87-E29C-47A1-B715-C21F2EB95F27/Library/Cookies/Cookies.binarycookies
2014-10-16 09:47:23.570 VideoPoker[68834:1018264] Apache Cordova native platform version 3.6.3 is starting.
2014-10-16 09:47:23.571 VideoPoker[68834:1018264] Multi-tasking -> Device: YES, App: YES
2014-10-16 09:47:23.577 VideoPoker[68834:1018264] Unlimited access to network resources
2014-10-16 09:47:23.580 VideoPoker[68834:1018264] 

Started backup to iCloud! Please be careful.
Your application might be rejected by Apple if you store too much data.
For more information please read "iOS Data Storage Guidelines" at:
https://developer.apple.com/icloud/documentation/data-storage/

2014-10-16 09:47:23.747 VideoPoker[68834:1018264] Resetting plugins due to page load.
2014-10-16 09:47:23.838 VideoPoker[68834:1018264] Finished load of: file:///Users/taylor/Library/Developer/CoreSimulator/Devices/12FE4B2F-B3FB-406D-8624-4EB5B6E79D4F/data/Containers/Bundle/Application/E882A1FB-A8FB-4948-8C0C-883FD0E80960/VideoPoker.app/www/index.html
2014-10-16 10:04:07.887 VideoPoker[69247:1087968] DiskCookieStorage changing policy from 2 to 0, cookie file: file:///Users/taylor/Library/Developer/CoreSimulator/Devices/12FE4B2F-B3FB-406D-8624-4EB5B6E79D4F/data/Containers/Data/Application/D0F0210F-943E-4E76-9516-45908CB2588A/Library/Cookies/Cookies.binarycookies
2014-10-16 10:04:07.965 VideoPoker[69247:1087968] Apache Cordova native platform version 3.6.3 is starting.
2014-10-16 10:04:07.966 VideoPoker[69247:1087968] Multi-tasking -> Device: YES, App: YES
2014-10-16 10:04:07.976 VideoPoker[69247:1087968] Unlimited access to network resources
2014-10-16 10:04:07.989 VideoPoker[69247:1087968] 

Started backup to iCloud! Please be careful.
Your application might be rejected by Apple if you store too much data.
For more information please read "iOS Data Storage Guidelines" at:
https://developer.apple.com/icloud/documentation/data-storage/

2014-10-16 10:04:08.454 VideoPoker[69247:1087968] Resetting plugins due to page load.
2014-10-16 10:04:08.745 VideoPoker[69247:1087968] Finished load of: file:///Users/taylor/Library/Developer/CoreSimulator/Devices/12FE4B2F-B3FB-406D-8624-4EB5B6E79D4F/data/Containers/Bundle/Application/C1431721-CDCA-4B28-A0D1-E89E6E9F5868/VideoPoker.app/www/index.html
2014-10-16 10:07:06.674 VideoPoker[69354:1098327] DiskCookieStorage changing policy from 2 to 0, cookie file: file:///Users/taylor/Library/Developer/CoreSimulator/Devices/12FE4B2F-B3FB-406D-8624-4EB5B6E79D4F/data/Containers/Data/Application/CB8B029F-6B66-4E96-9372-302A9F09DFAD/Library/Cookies/Cookies.binarycookies
2014-10-16 10:07:06.783 VideoPoker[69354:1098327] Apache Cordova native platform version 3.6.3 is starting.
2014-10-16 10:07:06.783 VideoPoker[69354:1098327] Multi-tasking -> Device: YES, App: YES
2014-10-16 10:07:06.789 VideoPoker[69354:1098327] Unlimited access to network resources
2014-10-16 10:07:06.792 VideoPoker[69354:1098327] 

Started backup to iCloud! Please be careful.
Your application might be rejected by Apple if you store too much data.
For more information please read "iOS Data Storage Guidelines" at:
https://developer.apple.com/icloud/documentation/data-storage/

2014-10-16 10:07:07.034 VideoPoker[69354:1098327] Resetting plugins due to page load.
2014-10-16 10:07:07.130 VideoPoker[69354:1098327] Finished load of: file:///Users/taylor/Library/Developer/CoreSimulator/Devices/12FE4B2F-B3FB-406D-8624-4EB5B6E79D4F/data/Containers/Bundle/Application/54335993-1FC8-41B8-9D98-2FE6EEC6B8AB/VideoPoker.app/www/index.html
2014-10-16 10:20:25.072 VideoPoker[69608:1141697] DiskCookieStorage changing policy from 2 to 0, cookie file: file:///Users/taylor/Library/Developer/CoreSimulator/Devices/12FE4B2F-B3FB-406D-8624-4EB5B6E79D4F/data/Containers/Data/Application/B6C1FE78-F5BC-450E-8603-79987E5DC229/Library/Cookies/Cookies.binarycookies
2014-10-16 10:20:25.157 VideoPoker[69608:1141697] Apache Cordova native platform version 3.6.3 is starting.
2014-10-16 10:20:25.158 VideoPoker[69608:1141697] Multi-tasking -> Device: YES, App: YES
2014-10-16 10:20:25.166 VideoPoker[69608:1141697] Unlimited access to network resources
2014-10-16 10:20:25.168 VideoPoker[69608:1141697] 

Started backup to iCloud! Please be careful.
Your application might be rejected by Apple if you store too much data.
For more information please read "iOS Data Storage Guidelines" at:
https://developer.apple.com/icloud/documentation/data-storage/

2014-10-16 10:20:25.461 VideoPoker[69608:1141697] Resetting plugins due to page load.
2014-10-16 10:20:25.592 VideoPoker[69608:1141697] Finished load of: file:///Users/taylor/Library/Developer/CoreSimulator/Devices/12FE4B2F-B3FB-406D-8624-4EB5B6E79D4F/data/Containers/Bundle/Application/85F4748B-46AA-4929-879A-22BD178994BE/VideoPoker.app/www/index.html
2014-10-16 10:27:16.377 VideoPoker[70510:1171833] DiskCookieStorage changing policy from 2 to 0, cookie file: file:///Users/taylor/Library/Developer/CoreSimulator/Devices/12FE4B2F-B3FB-406D-8624-4EB5B6E79D4F/data/Containers/Data/Application/01B13FB9-CC95-418F-B84A-501B6E57DAF1/Library/Cookies/Cookies.binarycookies
2014-10-16 10:27:16.461 VideoPoker[70510:1171833] Apache Cordova native platform version 3.6.3 is starting.
2014-10-16 10:27:16.462 VideoPoker[70510:1171833] Multi-tasking -> Device: YES, App: YES
2014-10-16 10:27:16.471 VideoPoker[70510:1171833] Unlimited access to network resources
2014-10-16 10:27:16.474 VideoPoker[70510:1171833] 

Started backup to iCloud! Please be careful.
Your application might be rejected by Apple if you store too much data.
For more information please read "iOS Data Storage Guidelines" at:
https://developer.apple.com/icloud/documentation/data-storage/

2014-10-16 10:27:16.681 VideoPoker[70510:1171833] Resetting plugins due to page load.
2014-10-16 10:27:16.794 VideoPoker[70510:1171833] Finished load of: file:///Users/taylor/Library/Developer/CoreSimulator/Devices/12FE4B2F-B3FB-406D-8624-4EB5B6E79D4F/data/Containers/Bundle/Application/9F817C5C-4455-4E82-97EA-39C9FD820936/VideoPoker.app/www/index.html
2014-10-16 10:29:30.499 VideoPoker[70656:1181231] DiskCookieStorage changing policy from 2 to 0, cookie file: file:///Users/taylor/Library/Developer/CoreSimulator/Devices/12FE4B2F-B3FB-406D-8624-4EB5B6E79D4F/data/Containers/Data/Application/CB6FBCA0-6942-469D-AFFA-2806233CAF41/Library/Cookies/Cookies.binarycookies
2014-10-16 10:29:30.581 VideoPoker[70656:1181231] Apache Cordova native platform version 3.6.3 is starting.
2014-10-16 10:29:30.582 VideoPoker[70656:1181231] Multi-tasking -> Device: YES, App: YES
2014-10-16 10:29:30.588 VideoPoker[70656:1181231] Unlimited access to network resources
2014-10-16 10:29:30.591 VideoPoker[70656:1181231] 

Started backup to iCloud! Please be careful.
Your application might be rejected by Apple if you store too much data.
For more information please read "iOS Data Storage Guidelines" at:
https://developer.apple.com/icloud/documentation/data-storage/

2014-10-16 10:29:30.771 VideoPoker[70656:1181231] Resetting plugins due to page load.
2014-10-16 10:29:30.865 VideoPoker[70656:1181231] Finished load of: file:///Users/taylor/Library/Developer/CoreSimulator/Devices/12FE4B2F-B3FB-406D-8624-4EB5B6E79D4F/data/Containers/Bundle/Application/8C1AA014-DEB2-4A19-9A0C-CE57C4F75F90/VideoPoker.app/www/index.html
2014-10-16 10:30:26.533 VideoPoker[70749:1184164] DiskCookieStorage changing policy from 2 to 0, cookie file: file:///Users/taylor/Library/Developer/CoreSimulator/Devices/12FE4B2F-B3FB-406D-8624-4EB5B6E79D4F/data/Containers/Data/Application/4B3C9C8A-9BC9-4788-A21F-3B2F61CB577F/Library/Cookies/Cookies.binarycookies
2014-10-16 10:30:26.645 VideoPoker[70749:1184164] Apache Cordova native platform version 3.6.3 is starting.
2014-10-16 10:30:26.646 VideoPoker[70749:1184164] Multi-tasking -> Device: YES, App: YES
2014-10-16 10:30:26.654 VideoPoker[70749:1184164] Unlimited access to network resources
2014-10-16 10:30:26.657 VideoPoker[70749:1184164] 

Started backup to iCloud! Please be careful.
Your application might be rejected by Apple if you store too much data.
For more information please read "iOS Data Storage Guidelines" at:
https://developer.apple.com/icloud/documentation/data-storage/

2014-10-16 10:30:26.847 VideoPoker[70749:1184164] Resetting plugins due to page load.
2014-10-16 10:30:26.950 VideoPoker[70749:1184164] Finished load of: file:///Users/taylor/Library/Developer/CoreSimulator/Devices/12FE4B2F-B3FB-406D-8624-4EB5B6E79D4F/data/Containers/Bundle/Application/E1A28DAD-797C-47A0-A005-7D1EC7DEAC01/VideoPoker.app/www/index.html
2014-10-16 10:34:13.429 VideoPoker[71636:1199955] DiskCookieStorage changing policy from 2 to 0, cookie file: file:///Users/taylor/Library/Developer/CoreSimulator/Devices/4983074C-4A53-483D-BB22-64958DF060B1/data/Containers/Data/Application/603738E9-FB08-427A-A755-327BF6001CFD/Library/Cookies/Cookies.binarycookies
2014-10-16 10:34:13.530 VideoPoker[71636:1199955] Apache Cordova native platform version 3.6.3 is starting.
2014-10-16 10:34:13.531 VideoPoker[71636:1199955] Multi-tasking -> Device: YES, App: YES
2014-10-16 10:34:13.541 VideoPoker[71636:1199955] Unlimited access to network resources
2014-10-16 10:34:13.546 VideoPoker[71636:1199955] 

Started backup to iCloud! Please be careful.
Your application might be rejected by Apple if you store too much data.
For more information please read "iOS Data Storage Guidelines" at:
https://developer.apple.com/icloud/documentation/data-storage/

2014-10-16 10:34:14.319 VideoPoker[71636:1199955] Resetting plugins due to page load.
2014-10-16 10:34:14.450 VideoPoker[71636:1199955] Finished load of: file:///Users/taylor/Library/Developer/CoreSimulator/Devices/4983074C-4A53-483D-BB22-64958DF060B1/data/Containers/Bundle/Application/F4321EA4-7BA3-4B10-A7D7-DBE44445F602/VideoPoker.app/www/index.html
